  Animation.c
  AnimationState.c
  AnimationStateData.c
  Array.c
  Atlas.c
  AtlasAttachmentLoader.c
  Attachment.c
  AttachmentLoader.c
  Bone.c
  BoneData.c
  BoundingBoxAttachment.c
  ClippingAttachment.c
  Color.c
  Event.c
  EventData.c
  extension.c
  IkConstraint.c
  IkConstraintData.c
  Json.c
  MeshAttachment.c
  PathAttachment.c
  PathConstraint.c
  PathConstraintData.c
  PointAttachment.c
  RegionAttachment.c
  Skeleton.c
  SkeletonBinary.c
  SkeletonBounds.c
  SkeletonClipping.c
  SkeletonData.c
  SkeletonJson.c
  Skin.c
  Slot.c
  SlotData.c
  TransformConstraint.c
  TransformConstraintData.c
  Triangulator.c
  VertexAttachment.c
  VertexEffect.c
c:\users\hp\desktop\personal\cocos2d-x-3.17\cocos\editor-support\spine\skeletonjson.c(97): warning C4018: '>=': signed/unsigned mismatch
c:\users\hp\desktop\personal\cocos2d-x-3.17\cocos\editor-support\spine\skeletonbinary.c(310): warning C4018: '<': signed/unsigned mismatch
c:\users\hp\desktop\personal\cocos2d-x-3.17\cocos\editor-support\spine\skeletonbinary.c(372): warning C4018: '<': signed/unsigned mismatch
c:\users\hp\desktop\personal\cocos2d-x-3.17\cocos\editor-support\spine\skeletonbinary.c(484): warning C4018: '<': signed/unsigned mismatch
c:\users\hp\desktop\personal\cocos2d-x-3.17\cocos\editor-support\spine\skeletonbinary.c(649): warning C4018: '<': signed/unsigned mismatch
c:\users\hp\desktop\personal\cocos2d-x-3.17\cocos\editor-support\spine\skeletonbinary.c(652): warning C4018: '<': signed/unsigned mismatch
  AttachmentVertices.cpp
  Cocos2dAttachmentLoader.cpp
  SkeletonAnimation.cpp
  SkeletonBatch.cpp
  SkeletonRenderer.cpp
  SkeletonTwoColorBatch.cpp
  spine-cocos2dx.cpp
c:\users\hp\desktop\personal\cocos2d-x-3.17\cocos\physics\ccphysicsbody.h : warning C4819: The file contains a character that cannot be represented in the current code page (949). Save the file in Unicode format to prevent data loss (compiling source file ..\Cocos2dAttachmentLoader.cpp)
c:\users\hp\desktop\personal\cocos2d-x-3.17\cocos\physics\ccphysicsbody.h : warning C4819: The file contains a character that cannot be represented in the current code page (949). Save the file in Unicode format to prevent data loss (compiling source file ..\SkeletonAnimation.cpp)
c:\users\hp\desktop\personal\cocos2d-x-3.17\cocos\physics\ccphysicsbody.h : warning C4819: The file contains a character that cannot be represented in the current code page (949). Save the file in Unicode format to prevent data loss (compiling source file ..\SkeletonRenderer.cpp)
c:\users\hp\desktop\personal\cocos2d-x-3.17\cocos\physics\ccphysicsbody.h : warning C4819: The file contains a character that cannot be represented in the current code page (949). Save the file in Unicode format to prevent data loss (compiling source file ..\spine-cocos2dx.cpp)
c:\users\hp\desktop\personal\cocos2d-x-3.17\cocos\physics\ccphysicsbody.h : warning C4819: The file contains a character that cannot be represented in the current code page (949). Save the file in Unicode format to prevent data loss (compiling source file ..\SkeletonBatch.cpp)
c:\users\hp\desktop\personal\cocos2d-x-3.17\cocos\physics\ccphysicsbody.h : warning C4819: The file contains a character that cannot be represented in the current code page (949). Save the file in Unicode format to prevent data loss (compiling source file ..\SkeletonTwoColorBatch.cpp)
c:\users\hp\desktop\personal\cocos2d-x-3.17\cocos\physics\ccphysicsbody.h : warning C4819: The file contains a character that cannot be represented in the current code page (949). Save the file in Unicode format to prevent data loss (compiling source file ..\AttachmentVertices.cpp)
c:\users\hp\desktop\personal\cocos2d-x-3.17\cocos\physics\ccphysicsshape.h : warning C4819: The file contains a character that cannot be represented in the current code page (949). Save the file in Unicode format to prevent data loss (compiling source file ..\SkeletonAnimation.cpp)
c:\users\hp\desktop\personal\cocos2d-x-3.17\cocos\physics\ccphysicsshape.h : warning C4819: The file contains a character that cannot be represented in the current code page (949). Save the file in Unicode format to prevent data loss (compiling source file ..\SkeletonRenderer.cpp)
c:\users\hp\desktop\personal\cocos2d-x-3.17\cocos\physics\ccphysicsshape.h : warning C4819: The file contains a character that cannot be represented in the current code page (949). Save the file in Unicode format to prevent data loss (compiling source file ..\AttachmentVertices.cpp)
c:\users\hp\desktop\personal\cocos2d-x-3.17\cocos\physics\ccphysicsshape.h : warning C4819: The file contains a character that cannot be represented in the current code page (949). Save the file in Unicode format to prevent data loss (compiling source file ..\SkeletonBatch.cpp)
c:\users\hp\desktop\personal\cocos2d-x-3.17\cocos\physics\ccphysicsshape.h : warning C4819: The file contains a character that cannot be represented in the current code page (949). Save the file in Unicode format to prevent data loss (compiling source file ..\Cocos2dAttachmentLoader.cpp)
c:\users\hp\desktop\personal\cocos2d-x-3.17\cocos\physics\ccphysicsshape.h : warning C4819: The file contains a character that cannot be represented in the current code page (949). Save the file in Unicode format to prevent data loss (compiling source file ..\SkeletonTwoColorBatch.cpp)
c:\users\hp\desktop\personal\cocos2d-x-3.17\cocos\physics\ccphysicsshape.h : warning C4819: The file contains a character that cannot be represented in the current code page (949). Save the file in Unicode format to prevent data loss (compiling source file ..\spine-cocos2dx.cpp)
c:\users\hp\desktop\personal\cocos2d-x-3.17\cocos\base\ccutf8.h : warning C4819: The file contains a character that cannot be represented in the current code page (949). Save the file in Unicode format to prevent data loss (compiling source file ..\SkeletonTwoColorBatch.cpp)
c:\users\hp\desktop\personal\cocos2d-x-3.17\cocos\base\ccutf8.h : warning C4819: The file contains a character that cannot be represented in the current code page (949). Save the file in Unicode format to prevent data loss (compiling source file ..\spine-cocos2dx.cpp)
c:\users\hp\desktop\personal\cocos2d-x-3.17\cocos\base\ccutf8.h : warning C4819: The file contains a character that cannot be represented in the current code page (949). Save the file in Unicode format to prevent data loss (compiling source file ..\SkeletonAnimation.cpp)
c:\users\hp\desktop\personal\cocos2d-x-3.17\cocos\base\ccutf8.h : warning C4819: The file contains a character that cannot be represented in the current code page (949). Save the file in Unicode format to prevent data loss (compiling source file ..\AttachmentVertices.cpp)
c:\users\hp\desktop\personal\cocos2d-x-3.17\cocos\base\ccutf8.h : warning C4819: The file contains a character that cannot be represented in the current code page (949). Save the file in Unicode format to prevent data loss (compiling source file ..\SkeletonRenderer.cpp)
c:\users\hp\desktop\personal\cocos2d-x-3.17\cocos\base\ccutf8.h : warning C4819: The file contains a character that cannot be represented in the current code page (949). Save the file in Unicode format to prevent data loss (compiling source file ..\SkeletonBatch.cpp)
c:\users\hp\desktop\personal\cocos2d-x-3.17\cocos\base\ccutf8.h : warning C4819: The file contains a character that cannot be represented in the current code page (949). Save the file in Unicode format to prevent data loss (compiling source file ..\Cocos2dAttachmentLoader.cpp)
c:\users\hp\desktop\personal\cocos2d-x-3.17\cocos\platform\ccsaxparser.h : warning C4819: The file contains a character that cannot be represented in the current code page (949). Save the file in Unicode format to prevent data loss (compiling source file ..\Cocos2dAttachmentLoader.cpp)
c:\users\hp\desktop\personal\cocos2d-x-3.17\cocos\platform\ccsaxparser.h : warning C4819: The file contains a character that cannot be represented in the current code page (949). Save the file in Unicode format to prevent data loss (compiling source file ..\SkeletonTwoColorBatch.cpp)
c:\users\hp\desktop\personal\cocos2d-x-3.17\cocos\platform\ccsaxparser.h : warning C4819: The file contains a character that cannot be represented in the current code page (949). Save the file in Unicode format to prevent data loss (compiling source file ..\AttachmentVertices.cpp)
c:\users\hp\desktop\personal\cocos2d-x-3.17\cocos\platform\ccsaxparser.h : warning C4819: The file contains a character that cannot be represented in the current code page (949). Save the file in Unicode format to prevent data loss (compiling source file ..\SkeletonBatch.cpp)
c:\users\hp\desktop\personal\cocos2d-x-3.17\cocos\platform\ccsaxparser.h : warning C4819: The file contains a character that cannot be represented in the current code page (949). Save the file in Unicode format to prevent data loss (compiling source file ..\SkeletonAnimation.cpp)
c:\users\hp\desktop\personal\cocos2d-x-3.17\cocos\platform\ccsaxparser.h : warning C4819: The file contains a character that cannot be represented in the current code page (949). Save the file in Unicode format to prevent data loss (compiling source file ..\spine-cocos2dx.cpp)
c:\users\hp\desktop\personal\cocos2d-x-3.17\cocos\platform\ccsaxparser.h : warning C4819: The file contains a character that cannot be represented in the current code page (949). Save the file in Unicode format to prevent data loss (compiling source file ..\SkeletonRenderer.cpp)
c:\users\hp\desktop\personal\cocos2d-x-3.17\cocos\editor-support\spine\skeletonbatch.cpp(110): warning C4018: '<': signed/unsigned mismatch
c:\users\hp\desktop\personal\cocos2d-x-3.17\cocos\editor-support\spine\skeletontwocolorbatch.cpp(237): warning C4018: '<': signed/unsigned mismatch
c:\users\hp\desktop\personal\cocos2d-x-3.17\cocos\editor-support\spine\skeletontwocolorbatch.cpp(274): warning C4018: '<': signed/unsigned mismatch
  libSpine.vcxproj -> C:\Users\HP\Desktop\personal\cocos2d-x-3.17\build\Debug.win32\libSpine.lib
